<?xml version="1.0" encoding="UTF-8"?>
<coverage generated="1706824607877" clover="3.2.0">
  <project timestamp="1706824607877" name="All files">
    <metrics statements="38" coveredstatements="31" conditionals="23" coveredconditionals="23" methods="18" coveredmethods="13" elements="79" coveredelements="67" complexity="0" loc="38" ncloc="38" packages="1" files="4" classes="4"/>
    <file name="App.js" path="/home/matheus/Área de Trabalho/Testes Automatizados/application/src/App.js">
      <metrics statements="11" coveredstatements="4" conditionals="0" coveredconditionals="0" methods="6" coveredmethods="1"/>
      <line num="1" count="1" type="stmt"/>
      <line num="2" count="1" type="stmt"/>
      <line num="6" count="1" type="stmt"/>
      <line num="14" count="0" type="stmt"/>
      <line num="18" count="0" type="stmt"/>
      <line num="19" count="0" type="stmt"/>
      <line num="20" count="0" type="stmt"/>
      <line num="24" count="0" type="stmt"/>
      <line num="25" count="0" type="stmt"/>
      <line num="26" count="0" type="stmt"/>
      <line num="30" count="1" type="stmt"/>
    </file>
    <file name="Transaction.js" path="/home/matheus/Área de Trabalho/Testes Automatizados/application/src/Transaction.js">
      <metrics statements="9" coveredstatements="9" conditionals="6" coveredconditionals="6" methods="2" coveredmethods="2"/>
      <line num="1" count="2" type="stmt"/>
      <line num="5" count="6" type="cond" truecount="2" falsecount="0"/>
      <line num="6" count="5" type="cond" truecount="2" falsecount="0"/>
      <line num="7" count="4" type="cond" truecount="2" falsecount="0"/>
      <line num="9" count="3" type="stmt"/>
      <line num="10" count="3" type="stmt"/>
      <line num="11" count="3" type="stmt"/>
      <line num="15" count="1" type="stmt"/>
      <line num="19" count="2" type="stmt"/>
    </file>
    <file name="Wallet.js" path="/home/matheus/Área de Trabalho/Testes Automatizados/application/src/Wallet.js">
      <metrics statements="13" coveredstatements="13" conditionals="11" coveredconditionals="11" methods="9" coveredmethods="9"/>
      <line num="3" count="13" type="stmt"/>
      <line num="4" count="13" type="stmt"/>
      <line num="5" count="13" type="stmt"/>
      <line num="9" count="1" type="stmt"/>
      <line num="13" count="19" type="stmt"/>
      <line num="14" count="19" type="stmt"/>
      <line num="18" count="8" type="cond" truecount="3" falsecount="0"/>
      <line num="19" count="5" type="stmt"/>
      <line num="20" count="4" type="stmt"/>
      <line num="24" count="8" type="cond" truecount="3" falsecount="0"/>
      <line num="25" count="5" type="stmt"/>
      <line num="26" count="4" type="stmt"/>
      <line num="30" count="2" type="stmt"/>
    </file>
    <file name="utils.js" path="/home/matheus/Área de Trabalho/Testes Automatizados/application/src/utils.js">
      <metrics statements="5" coveredstatements="5" conditionals="6" coveredconditionals="6" methods="1" coveredmethods="1"/>
      <line num="1" count="3" type="stmt"/>
      <line num="2" count="9" type="cond" truecount="2" falsecount="0"/>
      <line num="3" count="8" type="cond" truecount="2" falsecount="0"/>
      <line num="4" count="7" type="cond" truecount="2" falsecount="0"/>
      <line num="5" count="3" type="stmt"/>
    </file>
  </project>
</coverage>
