{"/home/matheus/Área de Trabalho/Testes Automatizados/application/src/App.js": {"path":"/home/matheus/Área de Trabalho/Testes Automatizados/application/src/App.js","statementMap":{"0":{"start":{"line":1,"column":20},"end":{"line":1,"column":44}},"1":{"start":{"line":2,"column":15},"end":{"line":2,"column":34}},"2":{"start":{"line":6,"column":8},"end":{"line":10,"column":9}},"3":{"start":{"line":14,"column":8},"end":{"line":14,"column":54}},"4":{"start":{"line":18,"column":28},"end":{"line":18,"column":58}},"5":{"start":{"line":19,"column":8},"end":{"line":19,"column":96}},"6":{"start":{"line":19,"column":41},"end":{"line":19,"column":67}},"7":{"start":{"line":20,"column":8},"end":{"line":20,"column":32}},"8":{"start":{"line":24,"column":28},"end":{"line":24,"column":57}},"9":{"start":{"line":25,"column":8},"end":{"line":25,"column":96}},"10":{"start":{"line":25,"column":41},"end":{"line":25,"column":67}},"11":{"start":{"line":26,"column":8},"end":{"line":26,"column":32}},"12":{"start":{"line":30,"column":0},"end":{"line":30,"column":20}}},"fnMap":{"0":{"name":"(anonymous_0)","decl":{"start":{"line":5,"column":4},"end":{"line":5,"column":5}},"loc":{"start":{"line":5,"column":26},"end":{"line":11,"column":5}},"line":5},"1":{"name":"(anonymous_1)","decl":{"start":{"line":13,"column":4},"end":{"line":13,"column":5}},"loc":{"start":{"line":13,"column":26},"end":{"line":15,"column":5}},"line":13},"2":{"name":"(anonymous_2)","decl":{"start":{"line":17,"column":4},"end":{"line":17,"column":5}},"loc":{"start":{"line":17,"column":38},"end":{"line":21,"column":5}},"line":17},"3":{"name":"(anonymous_3)","decl":{"start":{"line":19,"column":31},"end":{"line":19,"column":32}},"loc":{"start":{"line":19,"column":41},"end":{"line":19,"column":67}},"line":19},"4":{"name":"(anonymous_4)","decl":{"start":{"line":23,"column":4},"end":{"line":23,"column":5}},"loc":{"start":{"line":23,"column":42},"end":{"line":27,"column":5}},"line":23},"5":{"name":"(anonymous_5)","decl":{"start":{"line":25,"column":31},"end":{"line":25,"column":32}},"loc":{"start":{"line":25,"column":41},"end":{"line":25,"column":67}},"line":25}},"branchMap":{},"s":{"0":1,"1":1,"2":4,"3":3,"4":1,"5":1,"6":1,"7":1,"8":1,"9":1,"10":1,"11":1,"12":1},"f":{"0":4,"1":3,"2":1,"3":1,"4":1,"5":1},"b":{},"_coverageSchema":"1a1c01bbd47fc00a2c39e90264f33305004495a9","hash":"64c409df52c1cac92766003f755056284244c5c0"}
}
