TN:
SF:src/App.js
FN:5,(anonymous_0)
FN:13,(anonymous_1)
FN:17,(anonymous_2)
FN:19,(anonymous_3)
FN:23,(anonymous_4)
FN:25,(anonymous_5)
FNF:6
FNH:1
FNDA:1,(anonymous_0)
FNDA:0,(anonymous_1)
FNDA:0,(anonymous_2)
FNDA:0,(anonymous_3)
FNDA:0,(anonymous_4)
FNDA:0,(anonymous_5)
DA:1,1
DA:2,1
DA:6,1
DA:14,0
DA:18,0
DA:19,0
DA:20,0
DA:24,0
DA:25,0
DA:26,0
DA:30,1
LF:11
LH:4
BRF:0
BRH:0
end_of_record
TN:
SF:src/Transaction.js
FN:4,(anonymous_0)
FN:14,(anonymous_1)
FNF:2
FNH:2
FNDA:6,(anonymous_0)
FNDA:1,(anonymous_1)
DA:1,2
DA:5,6
DA:6,5
DA:7,4
DA:9,3
DA:10,3
DA:11,3
DA:15,1
DA:19,2
LF:9
LH:9
BRDA:5,0,0,1
BRDA:5,0,1,5
BRDA:6,1,0,1
BRDA:6,1,1,4
BRDA:7,2,0,1
BRDA:7,2,1,3
BRF:6
BRH:6
end_of_record
TN:
SF:src/Wallet.js
FN:2,(anonymous_0)
FN:8,(anonymous_1)
FN:12,(anonymous_2)
FN:17,(anonymous_3)
FN:18,(anonymous_4)
FN:19,(anonymous_5)
FN:23,(anonymous_6)
FN:24,(anonymous_7)
FN:25,(anonymous_8)
FNF:9
FNH:9
FNDA:13,(anonymous_0)
FNDA:1,(anonymous_1)
FNDA:19,(anonymous_2)
FNDA:4,(anonymous_3)
FNDA:8,(anonymous_4)
FNDA:5,(anonymous_5)
FNDA:4,(anonymous_6)
FNDA:8,(anonymous_7)
FNDA:5,(anonymous_8)
DA:3,13
DA:4,13
DA:5,13
DA:9,1
DA:13,19
DA:14,19
DA:18,8
DA:19,5
DA:20,4
DA:24,8
DA:25,5
DA:26,4
DA:30,2
LF:13
LH:13
BRDA:2,0,0,13
BRDA:17,1,0,2
BRDA:17,2,0,3
BRDA:18,3,0,8
BRDA:18,3,1,7
BRDA:18,3,2,6
BRDA:23,4,0,2
BRDA:23,5,0,3
BRDA:24,6,0,8
BRDA:24,6,1,7
BRDA:24,6,2,6
BRF:11
BRH:11
end_of_record
TN:
SF:src/utils.js
FN:1,(anonymous_0)
FNF:1
FNH:1
FNDA:9,(anonymous_0)
DA:1,3
DA:2,9
DA:3,8
DA:4,7
DA:5,3
LF:5
LH:5
BRDA:2,0,0,1
BRDA:2,0,1,8
BRDA:3,1,0,1
BRDA:3,1,1,7
BRDA:4,2,0,4
BRDA:4,2,1,3
BRF:6
BRH:6
end_of_record
